running egg_info
writing ../../build/my_robot_description/my_robot_description.egg-info/PKG-INFO
writing dependency_links to ../../build/my_robot_description/my_robot_description.egg-info/dependency_links.txt
writing requirements to ../../build/my_robot_description/my_robot_description.egg-info/requires.txt
writing top-level names to ../../build/my_robot_description/my_robot_description.egg-info/top_level.txt
reading manifest file '../../build/my_robot_description/my_robot_description.egg-info/SOURCES.txt'
writing manifest file '../../build/my_robot_description/my_robot_description.egg-info/SOURCES.txt'
running build
running build_py
copying my_robot_description/__init__.py -> /home/chrisrvt/projects/Implementation_of_Intelligent_Robotics/computer_vision/build/my_robot_description/build/lib/my_robot_description
running install
running install_lib
running install_data
copying resource/my_robot_description -> /home/chrisrvt/projects/Implementation_of_Intelligent_Robotics/computer_vision/install/my_robot_description/share/ament_index/resource_index/packages
copying package.xml -> /home/chrisrvt/projects/Implementation_of_Intelligent_Robotics/computer_vision/install/my_robot_description/share/my_robot_description
running install_egg_info
removing '/home/chrisrvt/projects/Implementation_of_Intelligent_Robotics/computer_vision/install/my_robot_description/lib/python3.10/site-packages/my_robot_description-0.0.0-py3.10.egg-info' (and everything under it)
Copying ../../build/my_robot_description/my_robot_description.egg-info to /home/chrisrvt/projects/Implementation_of_Intelligent_Robotics/computer_vision/install/my_robot_description/lib/python3.10/site-packages/my_robot_description-0.0.0-py3.10.egg-info
running install_scripts
writing list of installed files to '/home/chrisrvt/projects/Implementation_of_Intelligent_Robotics/computer_vision/build/my_robot_description/install.log'
