running develop
/home/chrisrvt/.local/lib/python3.10/site-packages/setuptools/command/develop.py:42: EasyInstallDeprecationWarning: easy_install command is deprecated.
!!

        ********************************************************************************
        Please avoid running ``setup.py`` and ``easy_install``.
        Instead, use pypa/build, pypa/installer or other
        standards-based tools.

        See https://github.com/pypa/setuptools/issues/917 for details.
        ********************************************************************************

!!
  easy_install.initialize_options(self)
running egg_info
writing my_robot_description.egg-info/PKG-INFO
writing dependency_links to my_robot_description.egg-info/dependency_links.txt
writing requirements to my_robot_description.egg-info/requires.txt
writing top-level names to my_robot_description.egg-info/top_level.txt
reading manifest file 'my_robot_description.egg-info/SOURCES.txt'
writing manifest file 'my_robot_description.egg-info/SOURCES.txt'
running build_ext
Creating /home/chrisrvt/projects/Implementation_of_Intelligent_Robotics/computer_vision/install/my_robot_description/lib/python3.10/site-packages/my-robot-description.egg-link (link to .)

Installed /home/chrisrvt/projects/Implementation_of_Intelligent_Robotics/computer_vision/build/my_robot_description
running symlink_data
symbolically linking /home/chrisrvt/projects/Implementation_of_Intelligent_Robotics/computer_vision/build/my_robot_description/resource/my_robot_description -> /home/chrisrvt/projects/Implementation_of_Intelligent_Robotics/computer_vision/install/my_robot_description/share/ament_index/resource_index/packages
symbolically linking /home/chrisrvt/projects/Implementation_of_Intelligent_Robotics/computer_vision/build/my_robot_description/package.xml -> /home/chrisrvt/projects/Implementation_of_Intelligent_Robotics/computer_vision/install/my_robot_description/share/my_robot_description
